<?xml version="1.0" encoding="UTF-8"?>
<testsuite xmlns:xsi="http://www.w3.org/2001/XMLSchema-instance" xsi:noNamespaceSchemaLocation="https://maven.apache.org/surefire/maven-surefire-plugin/xsd/surefire-test-report-3.0.xsd" version="3.0" name="com.securitease.api.CountriesApiTest" time="10.742" tests="3" errors="0" skipped="0" failures="1">
  <properties>
[...]
</properties>
  <testcase name="testApiResponseConformsToSchema" classname="com.securitease.api.CountriesApiTest" time="5.781"/>
  <testcase name="testSouthAfricaIncludesSignLanguage" classname="com.securitease.api.CountriesApiTest" time="2.728">
    <failure type="java.lang.AssertionError"><![CDATA[java.lang.AssertionError: 
1 expectation failed.
JSON path [0].languages.values() doesn't match.
Expected: a collection containing "South African Sign Language"
  Actual: <[Afrikaans, English, Southern Ndebele, Northern Sotho, Southern Sotho, Swazi, Tswana, Tsonga, Venda, Xhosa, Zulu]>

	at com.securitease.api.CountriesApiTest.testSouthAfricaIncludesSignLanguage(CountriesApiTest.java:55)
]]></failure>
  </testcase>
  <testcase name="testTotalNumberOfCountries" classname="com.securitease.api.CountriesApiTest" time="0.359"/>
</testsuite>